\BOOKMARK [0][-]{chapter*.2}{Abbildungsverzeichnis}{}% 1
\BOOKMARK [0][-]{chapter*.3}{Tabellenverzeichnis}{}% 2
\BOOKMARK [0][-]{chapter*.4}{Symbolverzeichnis}{}% 3
\BOOKMARK [0][-]{chapter.1}{Einleitung}{}% 4
\BOOKMARK [0][-]{chapter.2}{Diskretisierung der Poisson-Gleichung im R2}{}% 5
\BOOKMARK [1][-]{section.2.1}{Definition \(Poisson-Gleichung\)}{chapter.2}% 6
\BOOKMARK [1][-]{section.2.2}{Bemerkungen}{chapter.2}% 7
\BOOKMARK [1][-]{section.2.3}{Finite Differenzen-Methode f\374r die Poisson-Gleichung}{chapter.2}% 8
\BOOKMARK [2][-]{subsection.2.3.1}{\(Zentraler\) Differenzenquotient zweiter Ordnung}{section.2.3}% 9
\BOOKMARK [2][-]{subsection.2.3.2}{Diskretisierung von }{section.2.3}% 10
\BOOKMARK [1][-]{section.2.4}{Eigenwerte und Eigenvektoren der Matrix \040A }{chapter.2}% 11
\BOOKMARK [2][-]{subsection.2.4.1}{Eigenwerte von \040A }{section.2.4}% 12
\BOOKMARK [0][-]{chapter.3}{Iterative L\366sungsvefahren f\374r lineare Gleichungssysteme}{}% 13
\BOOKMARK [1][-]{section.3.1}{Das Jacobi-Verfahren \(Gesamtschrittverfahren\)}{chapter.3}% 14
\BOOKMARK [2][-]{subsection.3.1.1}{Das allgemeine Jacobi-Iterationsverfahren}{section.3.1}% 15
\BOOKMARK [2][-]{subsection.3.1.2}{Das Jacobi-Iterationsverfahren f\374r die Poisson-Gleichung}{section.3.1}% 16
\BOOKMARK [1][-]{section.3.2}{Das Gau\337-Seidel-Verfahren \(Einzelschrittverfahren\)}{chapter.3}% 17
\BOOKMARK [2][-]{subsection.3.2.1}{Das allgemeine Gauss-Seidel-Iterationsverfahren}{section.3.2}% 18
\BOOKMARK [2][-]{subsection.3.2.2}{Das Gauss-Seidel-Iterationsverfahren f\374r die Poisson-Gleichung}{section.3.2}% 19
\BOOKMARK [1][-]{section.3.3}{Warum Einzelschritt- und Gesamtschrittverfahren?}{chapter.3}% 20
\BOOKMARK [1][-]{section.3.4}{Die SOR-Methode \(SOR = successive overrelaxation\)}{chapter.3}% 21
\BOOKMARK [2][-]{subsection.3.4.1}{Algorithmus des SOR-Verfahrens}{section.3.4}% 22
\BOOKMARK [2][-]{subsection.3.4.2}{Satz \(Optimaler Parameter \)}{section.3.4}% 23
\BOOKMARK [2][-]{subsection.3.4.3}{SOR in Matrix-Darstellung}{section.3.4}% 24
\BOOKMARK [2][-]{subsection.3.4.4}{Satz}{section.3.4}% 25
\BOOKMARK [1][-]{section.3.5}{Das Verfahren der konjugierten Gradienten}{chapter.3}% 26
\BOOKMARK [2][-]{subsection.3.5.1}{Definition \(A-orthogonal\)}{section.3.5}% 27
\BOOKMARK [2][-]{subsection.3.5.2}{Lemma - \(A-orthogonaler\) Projektionssatz}{section.3.5}% 28
\BOOKMARK [2][-]{subsection.3.5.3}{Allgemeiner Algorithmus der konjugierten Gradienten}{section.3.5}% 29
\BOOKMARK [2][-]{subsection.3.5.4}{Numerischer Algorithmus der konjugierten Gradienten}{section.3.5}% 30
\BOOKMARK [0][-]{chapter.4}{Mehrgitterverfahren}{}% 31
\BOOKMARK [1][-]{section.4.1}{Grundideen}{chapter.4}% 32
\BOOKMARK [2][-]{subsection.4.1.1}{Beweis der Residuumsgleichung}{section.4.1}% 33
\BOOKMARK [1][-]{section.4.2}{Der Zweigitter-Algorithmus}{chapter.4}% 34
\BOOKMARK [1][-]{section.4.3}{Der Mehrgitter-Algorithmus}{chapter.4}% 35
\BOOKMARK [0][-]{chapter.5}{Ein Vergleich zwischen Iterativen- und Mehrgitter-Methoden}{}% 36
\BOOKMARK [1][-]{section.5.1}{Beispiel einer Poisson Gleichung}{chapter.5}% 37
\BOOKMARK [1][-]{section.5.2}{Jacobi-Verfahren angewandt auf das Beispiel}{chapter.5}% 38
\BOOKMARK [1][-]{section.5.3}{Gauss-Seidel-Verfahren angewandt auf das Beispiel}{chapter.5}% 39
\BOOKMARK [1][-]{section.5.4}{SOR-Verfahren angewandt auf das Beispiel}{chapter.5}% 40
\BOOKMARK [1][-]{section.5.5}{CG-Verfahren angewandt auf das Beispiel}{chapter.5}% 41
\BOOKMARK [1][-]{section.5.6}{PCG-Verfahren angewandt auf das Beispiel}{chapter.5}% 42
\BOOKMARK [1][-]{section.5.7}{Das Mehrgitterverfahren angewandt auf das Beispiel}{chapter.5}% 43
\BOOKMARK [2][-]{subsection.5.7.1}{V-Zyklus}{section.5.7}% 44
\BOOKMARK [2][-]{subsection.5.7.2}{W-Zyklus}{section.5.7}% 45
\BOOKMARK [0][-]{appendix.A}{Anhang}{}% 46
\BOOKMARK [1][-]{section.A.1}{Quelltexte}{appendix.A}% 47
